<?xml version="1.0" encoding="UTF-8"?>
<!-- Generated by org.testng.reporters.JUnitXMLReporter -->
<testsuite ignored="0" hostname="SujithComputer" failures="1" tests="1" name="Test" time="0.168" errors="0" timestamp="22 Mar 2021 16:30:24 GMT">
  <testcase classname="myRunner.Runner" name="feature" time="0.018">
    <failure type="cucumber.runtime.CucumberException" message="cucumber.runtime.CucumberException: There are undefined steps">
      <![CDATA[cucumber.runtime.CucumberException: cucumber.runtime.CucumberException: There are undefined steps
at cucumber.api.testng.TestNGCucumberRunner.runCucumber(TestNGCucumberRunner.java:78)
at myRunner.Runner.feature(Runner.java:36)
Caused by: cucumber.runtime.CucumberException: There are undefined steps
at cucumber.api.testng.FeatureResultListener.collectError(FeatureResultListener.java:48)
at cucumber.api.testng.FeatureResultListener$1.receive(FeatureResultListener.java:19)
at cucumber.api.testng.FeatureResultListener$1.receive(FeatureResultListener.java:16)
at cucumber.runner.EventBus.send(EventBus.java:28)
at cucumber.api.TestCase.run(TestCase.java:65)
at cucumber.runner.Runner.runPickle(Runner.java:80)
at cucumber.runtime.Runtime.runFeature(Runtime.java:119)
at cucumber.api.testng.TestNGCucumberRunner.runCucumber(TestNGCucumberRunner.java:75)
... 26 more
... Removed 25 stack frames]]>
    </failure>
  </testcase> <!-- feature -->
</testsuite> <!-- Test -->
